[debug] [2020-06-06T19:53:17.433Z] ----------------------------------------------------------------------
[debug] [2020-06-06T19:53:17.435Z] Command:       C:\Program Files\nodejs\node.exe C:\Users\hp\AppData\Roaming\npm\node_modules\firebase-tools\lib\bin\firebase.js login
[debug] [2020-06-06T19:53:17.435Z] CLI Version:   8.4.2
[debug] [2020-06-06T19:53:17.435Z] Platform:      win32
[debug] [2020-06-06T19:53:17.435Z] Node Version:  v12.16.2
[debug] [2020-06-06T19:53:17.436Z] Time:          Sun Jun 07 2020 00:53:17 GMT+0500 (Pakistan Standard Time)
[debug] [2020-06-06T19:53:17.436Z] ----------------------------------------------------------------------
[debug] [2020-06-06T19:53:17.437Z] 
[info] i  Firebase optionally collects CLI usage and error reporting information to help improve our products. Data is collected in accordance with Google's privacy policy (https://policies.google.com/privacy) and is not used to identify you.
 
[info] i  To change your data collection preference at any time, run `firebase logout` and log in again. 
[info] 
[info] Visit this URL on this device to log in:
[info] https://accounts.google.com/o/oauth2/auth?client_id=563584335869-fgrhgmd47bqnekij5i8b5pr03ho849e6.apps.googleusercontent.com&scope=email%20openid%20https%3A%2F%2Fwww.googleapis.com%2Fauth%2Fcloudplatformprojects.readonly%20https%3A%2F%2Fwww.googleapis.com%2Fauth%2Ffirebase%20https%3A%2F%2Fwww.googleapis.com%2Fauth%2Fcloud-platform&response_type=code&state=583052250&redirect_uri=http%3A%2F%2Flocalhost%3A9005
[info] 
[info] Waiting for authentication...
[debug] [2020-06-06T19:53:21.335Z] Error: spawn cmd ENOENT
    at Process.ChildProcess._handle.onexit (internal/child_process.js:267:19)
    at onErrorNT (internal/child_process.js:469:16)
    at processTicksAndRejections (internal/process/task_queues.js:84:21)
[error] 
[error] Error: An unexpected error has occurred.
